<?xml version="1.0" encoding="UTF-8"?>
<!-- Generated by org.testng.reporters.JUnitReportReporter -->
<testsuite name="com.Maven.tatoc.MavinAutomation.MavenMainTest" tests="6" time="3.298" ignored="0" failures="0" timestamp="27 Jun 2018 09:57:24 GMT" skipped="0" hostname="LNDB0003" errors="0">
  <testcase name="verifyCookieAdded" time="0.286" classname="com.Maven.tatoc.MavinAutomation.MavenMainTest"/>
  <testcase name="verifyBasicCourseSelection" time="0.173" classname="com.Maven.tatoc.MavinAutomation.MavenMainTest"/>
  <testcase name="verifyBoxColorSame" time="0.717" classname="com.Maven.tatoc.MavinAutomation.MavenMainTest"/>
  <testcase name="verifyDragPerformed" time="0.290" classname="com.Maven.tatoc.MavinAutomation.MavenMainTest"/>
  <testcase name="verifyGreenBoxSelected" time="0.296" classname="com.Maven.tatoc.MavinAutomation.MavenMainTest"/>
  <testcase name="verifyTextEnteredInPopupWindow" time="1.536" classname="com.Maven.tatoc.MavinAutomation.MavenMainTest"/>
</testsuite> <!-- com.Maven.tatoc.MavinAutomation.MavenMainTest -->
